<?xml version="1.0" encoding="UTF-8"?>
<!-- Generated by org.testng.reporters.JUnitReportReporter -->
<testsuite hostname="DESKTOP-I9RL5TD" failures="0" tests="1" name="TestCases.TC_01_Registration" time="4.535" errors="0" timestamp="2025-03-19T09:50:00 IST" skipped="0">
  <testcase classname="TestCases.TC_01_Registration" name="LumaRegistration" time="4.535"/>
</testsuite> <!-- TestCases.TC_01_Registration -->
