<?xml version="1.0" encoding="UTF-8"?>
<!-- Generated by org.testng.reporters.JUnitReportReporter -->
<testsuite hostname="DESKTOP-I9RL5TD" failures="0" tests="3" name="TestCases.TC_02_LoginPage" time="26.075" errors="0" timestamp="2025-03-20T14:36:15 IST" skipped="0">
  <testcase classname="TestCases.TC_02_LoginPage" name="LoginTest" time="4.979"/>
  <testcase classname="TestCases.TC_02_LoginPage" name="LoginTest" time="6.862"/>
  <testcase classname="TestCases.TC_02_LoginPage" name="LoginTest" time="14.234"/>
</testsuite> <!-- TestCases.TC_02_LoginPage -->
